<?xml version="1.0" encoding="UTF-8"?>
<!-- Generated by org.testng.reporters.JUnitXMLReporter -->
<testsuite hostname="CBT-014" name="Test" tests="2" failures="1" timestamp="3 Sep 2016 12:57:45 GMT" time="24.354" errors="0">
  <testcase name="testScenarios" time="0.005" classname="delta.main.DeltaDriver">
    <skipped/>
  </testcase> <!-- testScenarios -->
  <testcase name="testScenarios" time="0.346" classname="delta.main.DeltaDriver">
    <failure type="java.lang.AssertionError" message="null">
      <![CDATA[java.lang.AssertionError: null
	at delta.main.DeltaDriver.testScenarios(DeltaDriver.java:56)
... Removed 25 stack frames]]>
    </failure>
  </testcase> <!-- testScenarios -->
</testsuite> <!-- Test -->
