<?xml version="1.0" encoding="UTF-8"?>
<testng-results skipped="0" failed="0" total="2" passed="2">
  <reporter-output>
  </reporter-output>
  <suite name="Suite" duration-ms="15987" started-at="2016-09-04T07:49:36Z" finished-at="2016-09-04T07:49:52Z">
    <groups>
    </groups>
    <test name="ChromeTest" duration-ms="11439" started-at="2016-09-04T07:49:36Z" finished-at="2016-09-04T07:49:47Z">
      <class name="delta.main.DeltaDriver">
        <test-method status="PASS" signature="initFrameWork()[pri:0, instance:delta.main.DeltaDriver@36d4b5c]" name="initFrameWork" is-config="true" duration-ms="165" started-at="2016-09-04T13:19:36Z" finished-at="2016-09-04T13:19:36Z">
          <reporter-output>
          </reporter-output>
        </test-method> <!-- initFrameWork -->
        <test-method status="PASS" signature="launchApp(org.testng.xml.XmlTest)[pri:0, instance:delta.main.DeltaDriver@36d4b5c]" name="launchApp" is-config="true" duration-ms="7614" started-at="2016-09-04T13:19:37Z" finished-at="2016-09-04T13:19:44Z">
          <params>
            <param index="0">
              <value>
                <![CDATA[[Test: "ChromeTest" verbose:1[parameters:browser=>chrome][metagroups:] [included: ][excluded: ]  classes:[XmlClass class=delta.main.DeltaDriver]  packages:] ]]>
              </value>
            </param>
          </params>
          <reporter-output>
          </reporter-output>
        </test-method> <!-- launchApp -->
        <test-method status="PASS" signature="testScenarios(java.lang.String, java.lang.String)[pri:0, instance:delta.main.DeltaDriver@36d4b5c]" name="testScenarios" duration-ms="1113" started-at="2016-09-04T13:19:44Z" data-provider="getScenario" finished-at="2016-09-04T13:19:46Z">
          <params>
            <param index="0">
              <value>
                <![CDATA[scenario1]]>
              </value>
            </param>
            <param index="1">
              <value>
                <![CDATA[Yes]]>
              </value>
            </param>
          </params>
          <reporter-output>
          </reporter-output>
        </test-method> <!-- testScenarios -->
        <test-method status="PASS" signature="quitApp(org.testng.ITestResult)[pri:0, instance:delta.main.DeltaDriver@36d4b5c]" name="quitApp" is-config="true" duration-ms="1074" started-at="2016-09-04T13:19:46Z" finished-at="2016-09-04T13:19:47Z">
          <params>
            <param index="0">
              <value>
                <![CDATA[[TestResult name=testScenarios status=SUCCESS method=DeltaDriver.testScenarios(java.lang.String, java.lang.String)[pri:0, instance:delta.main.DeltaDriver@36d4b5c] output={null}]]]>
              </value>
            </param>
          </params>
          <reporter-output>
          </reporter-output>
        </test-method> <!-- quitApp -->
        <test-method status="PASS" signature="endFramework()[pri:0, instance:delta.main.DeltaDriver@36d4b5c]" name="endFramework" is-config="true" duration-ms="644" started-at="2016-09-04T13:19:47Z" finished-at="2016-09-04T13:19:47Z">
          <reporter-output>
          </reporter-output>
        </test-method> <!-- endFramework -->
      </class> <!-- delta.main.DeltaDriver -->
    </test> <!-- ChromeTest -->
    <test name="FireFoxTest" duration-ms="15987" started-at="2016-09-04T07:49:36Z" finished-at="2016-09-04T07:49:52Z">
      <class name="delta.main.DeltaDriver">
        <test-method status="PASS" signature="initFrameWork()[pri:0, instance:delta.main.DeltaDriver@7823a2f9]" name="initFrameWork" is-config="true" duration-ms="165" started-at="2016-09-04T13:19:36Z" finished-at="2016-09-04T13:19:36Z">
          <reporter-output>
          </reporter-output>
        </test-method> <!-- initFrameWork -->
        <test-method status="PASS" signature="launchApp(org.testng.xml.XmlTest)[pri:0, instance:delta.main.DeltaDriver@7823a2f9]" name="launchApp" is-config="true" duration-ms="13728" started-at="2016-09-04T13:19:37Z" finished-at="2016-09-04T13:19:51Z">
          <params>
            <param index="0">
              <value>
                <![CDATA[[Test: "FireFoxTest" verbose:1[parameters:browser=>firefox][metagroups:] [included: ][excluded: ]  classes:[XmlClass class=delta.main.DeltaDriver]  packages:] ]]>
              </value>
            </param>
          </params>
          <reporter-output>
          </reporter-output>
        </test-method> <!-- launchApp -->
        <test-method status="PASS" signature="testScenarios(java.lang.String, java.lang.String)[pri:0, instance:delta.main.DeltaDriver@7823a2f9]" name="testScenarios" duration-ms="1173" started-at="2016-09-04T13:19:51Z" data-provider="getScenario" finished-at="2016-09-04T13:19:52Z">
          <params>
            <param index="0">
              <value>
                <![CDATA[scenario1]]>
              </value>
            </param>
            <param index="1">
              <value>
                <![CDATA[Yes]]>
              </value>
            </param>
          </params>
          <reporter-output>
          </reporter-output>
        </test-method> <!-- testScenarios -->
        <test-method status="PASS" signature="quitApp(org.testng.ITestResult)[pri:0, instance:delta.main.DeltaDriver@7823a2f9]" name="quitApp" is-config="true" duration-ms="16" started-at="2016-09-04T13:19:52Z" finished-at="2016-09-04T13:19:52Z">
          <params>
            <param index="0">
              <value>
                <![CDATA[[TestResult name=testScenarios status=SUCCESS method=DeltaDriver.testScenarios(java.lang.String, java.lang.String)[pri:0, instance:delta.main.DeltaDriver@7823a2f9] output={null}]]]>
              </value>
            </param>
          </params>
          <reporter-output>
          </reporter-output>
        </test-method> <!-- quitApp -->
        <test-method status="PASS" signature="endFramework()[pri:0, instance:delta.main.DeltaDriver@7823a2f9]" name="endFramework" is-config="true" duration-ms="78" started-at="2016-09-04T13:19:52Z" finished-at="2016-09-04T13:19:52Z">
          <reporter-output>
          </reporter-output>
        </test-method> <!-- endFramework -->
      </class> <!-- delta.main.DeltaDriver -->
    </test> <!-- FireFoxTest -->
  </suite> <!-- Suite -->
</testng-results>
